<?xml version="1.0" encoding="UTF-8"?>
<!-- Generated by org.testng.reporters.JUnitXMLReporter -->
<testsuite hostname="SIT-PC" ignored="0" name="Test" tests="5" failures="0" timestamp="27 Jan 2020 13:45:49 GMT" time="193.555" errors="0">
  <testcase name="loginTest" time="21.876" classname="com.qa.tests.LoginPageTest"/>
  <testcase name="verifyLoginPageTitle" time="9.766" classname="com.qa.tests.LoginPageTest"/>
  <testcase name="createNewContact" time="39.553" classname="com.qa.tests.ContactsPageTest"/>
  <testcase name="createNewContact" time="40.845" classname="com.qa.tests.ContactsPageTest"/>
  <testcase name="createNewContact" time="36.484" classname="com.qa.tests.ContactsPageTest"/>
</testsuite> <!-- Test -->
